\set VERBOSITY terse
CREATE EXTENSION hba_fdw;
CREATE SERVER hba FOREIGN DATA WRAPPER hba_fdw;
CREATE FOREIGN TABLE pg_hba (host TEXT) SERVER hba;
SET client_min_messages TO DEBUG1;
SELECT * FROM pg_hba;
DEBUG:  entering function hba_fdw_handler
DEBUG:  entering function hbaGetForeignRelSize
DEBUG:  entering function hbaGetForeignPaths
DEBUG:  entering function hbaGetForeignPlan
DEBUG:  entering function hbaBeginForeignScan
DEBUG:  entering function hbaIterateForeignScan
DEBUG:  entering function hbaEndForeignScan
 host 
------
(0 rows)

ANALYZE pg_hba;
DEBUG:  entering function hbaAnalyzeForeignTable
WARNING:  skipping "pg_hba" --- cannot analyze this foreign table
EXPLAIN SELECT * FROM pg_hba;
DEBUG:  entering function hbaGetForeignRelSize
DEBUG:  entering function hbaGetForeignPaths
DEBUG:  entering function hbaGetForeignPlan
DEBUG:  entering function hbaBeginForeignScan
DEBUG:  entering function hbaExplainForeignScan
DEBUG:  entering function hbaEndForeignScan
                           QUERY PLAN                            
-----------------------------------------------------------------
 Foreign Scan on pg_hba  (cost=0.00..1000.00 rows=1000 width=32)
   Foreign Hba File: pg_hba.conf
(2 rows)

